UpdateCTestConfiguration  from :/home/arigachnyy/workspace/github/nbswork/build/cloud/storage/core/libs/diagnostics/DartConfiguration.tcl
UpdateCTestConfiguration  from :/home/arigachnyy/workspace/github/nbswork/build/cloud/storage/core/libs/diagnostics/DartConfiguration.tcl
Test project /home/arigachnyy/workspace/github/nbswork/build/cloud/storage/core/libs/diagnostics
Constructing a list of tests
Done constructing a list of tests
Updating test list for fixtures
Added 0 tests to meet fixture requirements
Checking test dependency graph...
Checking test dependency graph end
test 1
    Start 1: cloud-storage-core-libs-diagnostics-ut

1: Test command: /home/arigachnyy/workspace/github/nbswork/build/cloud/storage/core/libs/diagnostics/ut/cloud-storage-core-libs-diagnostics-ut "--print-before-suite" "--print-before-test" "--fork-tests" "--print-times" "--show-fails"
1: Test timeout computed to be: 10000000
1: <----- TAsyncLoggerTest
1: [exec] TAsyncLoggerTest::TestEnqueueOrder...
1: [[1;32mgood[22;39m] TAsyncLoggerTest::TestEnqueueOrder
1: -----> TAsyncLoggerTest -> ok: 1
1: <----- TCGroupStatFetcherTest
1: [exec] TCGroupStatFetcherTest::ShouldReadStats...
1: [[1;32mgood[22;39m] TCGroupStatFetcherTest::ShouldReadStats
1: [exec] TCGroupStatFetcherTest::ShouldReportErrorIfFileIsMissing...
1: 2023-10-10T10:07:23.673145Z :STORAGE_CGROUPS ERROR: /home/arigachnyy/workspace/github/nbswork/nbs/cloud/storage/core/libs/diagnostics/cgroup_stats_fetcher.cpp:68: IO error for noname with exception (TFileError) (No such file or directory) /home/arigachnyy/workspace/github/nbswork/nbs/util/system/file.cpp:857: can't open "noname" with mode RdOnly (0x00000008)
1: [[1;32mgood[22;39m] TCGroupStatFetcherTest::ShouldReportErrorIfFileIsMissing
1: [exec] TCGroupStatFetcherTest::ShouldReportErrorIfNewValueIsLowerThanPrevious...
1: CRITICAL_EVENT:AppCriticalEvents/CpuWaitCounterReadError:test : new value 0.000080s is less than previous 0.000100s
1: 2023-10-10T10:07:23.682959Z :STORAGE_CGROUPS ERROR: /home/arigachnyy/workspace/github/nbswork/nbs/cloud/storage/core/libs/diagnostics/cgroup_stats_fetcher.cpp:117: CRITICAL_EVENT:AppCriticalEvents/CpuWaitCounterReadError:test : new value 0.000080s is less than previous 0.000100s
1: [[1;32mgood[22;39m] TCGroupStatFetcherTest::ShouldReportErrorIfNewValueIsLowerThanPrevious
1: -----> TCGroupStatFetcherTest -> ok: 3
1: <----- TCountersExpirationPolicyTest
1: [exec] TCountersExpirationPolicyTest::ShouldNotCreateExpiringCounterWithZeroValue...
1: [[1;32mgood[22;39m] TCountersExpirationPolicyTest::ShouldNotCreateExpiringCounterWithZeroValue
1: [exec] TCountersExpirationPolicyTest::ShouldNotRemovePermanentCounterWithZeroValue...
1: [[1;32mgood[22;39m] TCountersExpirationPolicyTest::ShouldNotRemovePermanentCounterWithZeroValue
1: [exec] TCountersExpirationPolicyTest::ShouldRemoveExpiringCounterWithZeroValue...
1: [[1;32mgood[22;39m] TCountersExpirationPolicyTest::ShouldRemoveExpiringCounterWithZeroValue
1: [exec] TCountersExpirationPolicyTest::ShouldNotRemoveExpiringCounter...
1: [[1;32mgood[22;39m] TCountersExpirationPolicyTest::ShouldNotRemoveExpiringCounter
1: -----> TCountersExpirationPolicyTest -> ok: 4
1: <----- THistogramTypesTest
1: [exec] THistogramTypesTest::GetHistogramUsTimeNameTests...
1: [[1;32mgood[22;39m] THistogramTypesTest::GetHistogramUsTimeNameTests
1: [exec] THistogramTypesTest::GetHistogramMsTimeNameTests...
1: [[1;32mgood[22;39m] THistogramTypesTest::GetHistogramMsTimeNameTests
1: [exec] THistogramTypesTest::GetHistogramKbSizeNameTests...
1: [[1;32mgood[22;39m] THistogramTypesTest::GetHistogramKbSizeNameTests
1: -----> THistogramTypesTest -> ok: 3
1: <----- TMaxCalculatorTest
1: [exec] TMaxCalculatorTest::ShouldCorrectlyCountMaxValueWithoutTime...
1: [[1;31mFAIL[22;39m] TMaxCalculatorTest::ShouldCorrectlyCountMaxValueWithoutTime -> [1;31massertion failed at /home/arigachnyy/workspace/github/nbswork/nbs/cloud/storage/core/libs/diagnostics/max_calculator_ut.cpp:46, virtual void NCloud::NTestSuiteTMaxCalculatorTest::TTestCaseShouldCorrectlyCountMaxValueWithoutTime::Execute_(NUnitTest::TTestContext &): (DEFAULT_BUCKET_COUNT == calculator.NextValue()) failed: (15 != 14) [22;39m
1: [1;36m??+0 (0x556388B5C999)
1: ??+0 (0x556388A386CD)
1: ??+0 (0x556388A3B77D)
1: ??+0 (0x556388B5EA05)
1: ??+0 (0x556388A3B0FD)
1: ??+0 (0x556388B5F139)
1: ??+0 (0x556388B6284D)
1: ??+0 (0x7F5E35C14D90)
1: __libc_start_main+128 (0x7F5E35C14E40)
1: ??+0 (0x556388A02025)
1: [22;39m[exec] TMaxCalculatorTest::ShouldCorrectlyCountMaxValueWithTime...
1: [[1;32mgood[22;39m] TMaxCalculatorTest::ShouldCorrectlyCountMaxValueWithTime
1: [exec] TMaxCalculatorTest::ShouldRoundUpValues...
1: [[1;31mFAIL[22;39m] TMaxCalculatorTest::ShouldRoundUpValues -> [1;31massertion failed at /home/arigachnyy/workspace/github/nbswork/nbs/cloud/storage/core/libs/diagnostics/max_calculator_ut.cpp:88, virtual void NCloud::NTestSuiteTMaxCalculatorTest::TTestCaseShouldRoundUpValues::Execute_(NUnitTest::TTestContext &): (2 == calculator.NextValue()) failed: (2 != 1) [22;39m
1: [1;36m??+0 (0x55B6D22E9999)
1: ??+0 (0x55B6D21C793F)
1: ??+0 (0x55B6D21C877D)
1: ??+0 (0x55B6D22EBA05)
1: ??+0 (0x55B6D21C80FD)
1: ??+0 (0x55B6D22EC139)
1: ??+0 (0x55B6D22EF84D)
1: ??+0 (0x7FB61E3D8D90)
1: __libc_start_main+128 (0x7FB61E3D8E40)
1: ??+0 (0x55B6D218F025)
1: [22;39m-----> TMaxCalculatorTest -> ok: 1, err: 2
1: <----- TRequestCountersTest
1: [exec] TRequestCountersTest::ShouldTrackRequestsInProgress...
1: [[1;32mgood[22;39m] TRequestCountersTest::ShouldTrackRequestsInProgress
1: [exec] TRequestCountersTest::ShouldTrackIncompleteRequests...
1: [[1;32mgood[22;39m] TRequestCountersTest::ShouldTrackIncompleteRequests
1: [exec] TRequestCountersTest::ShouldTrackPostponedRequests...
1: [[1;32mgood[22;39m] TRequestCountersTest::ShouldTrackPostponedRequests
1: [exec] TRequestCountersTest::ShouldTrackFastPathHits...
1: [[1;32mgood[22;39m] TRequestCountersTest::ShouldTrackFastPathHits
1: [exec] TRequestCountersTest::ShouldFillTimePercentiles...
1: [[1;32mgood[22;39m] TRequestCountersTest::ShouldFillTimePercentiles
1: [exec] TRequestCountersTest::ShouldFillTimePercentilesWithRequestCompletionTime...
1: [[1;32mgood[22;39m] TRequestCountersTest::ShouldFillTimePercentilesWithRequestCompletionTime
1: [exec] TRequestCountersTest::ShouldFillSizePercentiles...
1: [[1;32mgood[22;39m] TRequestCountersTest::ShouldFillSizePercentiles
1: [exec] TRequestCountersTest::ShouldCountSilentErrors...
1: [[1;32mgood[22;39m] TRequestCountersTest::ShouldCountSilentErrors
1: [exec] TRequestCountersTest::ShouldCountHwProblems...
1: [[1;32mgood[22;39m] TRequestCountersTest::ShouldCountHwProblems
1: [exec] TRequestCountersTest::ShouldNotUpdateSubscribers...
1: [[1;32mgood[22;39m] TRequestCountersTest::ShouldNotUpdateSubscribers
1: [exec] TRequestCountersTest::ShouldNotifySubscribers...
1: [[1;32mgood[22;39m] TRequestCountersTest::ShouldNotifySubscribers
1: [exec] TRequestCountersTest::ShouldTrackSizeClasses...
1: [[1;32mgood[22;39m] TRequestCountersTest::ShouldTrackSizeClasses
1: -----> TRequestCountersTest -> ok: 12
1: <----- TTraceProcessorTest
1: [exec] TTraceProcessorTest::ShouldCollectAllOverlappingTracks...
1: [[1;32mgood[22;39m] TTraceProcessorTest::ShouldCollectAllOverlappingTracks
1: [exec] TTraceProcessorTest::ShouldProcessLotsOfTracks...
1: [[1;32mgood[22;39m] TTraceProcessorTest::ShouldProcessLotsOfTracks
1: [exec] TTraceProcessorTest::SlowRequestThresholdByTrackLength...
1: [[1;32mgood[22;39m] TTraceProcessorTest::SlowRequestThresholdByTrackLength
1: [exec] TTraceProcessorTest::SlowRequestThresholdByExecutionTimeParam...
1: [[1;32mgood[22;39m] TTraceProcessorTest::SlowRequestThresholdByExecutionTimeParam
1: [exec] TTraceProcessorTest::SlowRequestByRequestType...
1: [[1;32mgood[22;39m] TTraceProcessorTest::SlowRequestByRequestType
1: [exec] TTraceProcessorTest::CheckConvertRequestThresholds...
1: [[1;32mgood[22;39m] TTraceProcessorTest::CheckConvertRequestThresholds
1: [exec] TTraceProcessorTest::CheckOutRequestThresholds...
1: [[1;32mgood[22;39m] TTraceProcessorTest::CheckOutRequestThresholds
1: [exec] TTraceProcessorTest::CheckGettingThresholdByRequestType...
1: [[1;32mgood[22;39m] TTraceProcessorTest::CheckGettingThresholdByRequestType
1: -----> TTraceProcessorTest -> ok: 8
1: <----- TTraceSerializerTest
1: [exec] TTraceSerializerTest::ShouldAdjustRemoteInterval...
1: [[1;32mgood[22;39m] TTraceSerializerTest::ShouldAdjustRemoteInterval
1: -----> TTraceSerializerTest -> ok: 1
1: <----- TWeightedPercentileTest
1: [exec] TWeightedPercentileTest::ShouldCalculateWeightedPercentiles...
1: [[1;32mgood[22;39m] TWeightedPercentileTest::ShouldCalculateWeightedPercentiles
1: -----> TWeightedPercentileTest -> ok: 1
1: [DONE] ok: 34, err: 2
1: SOME TESTS FAILED!!!!
1/1 Test #1: cloud-storage-core-libs-diagnostics-ut ...***Failed    1.04 sec
<----- TAsyncLoggerTest
[exec] TAsyncLoggerTest::TestEnqueueOrder...
[[1;32mgood[22;39m] TAsyncLoggerTest::TestEnqueueOrder
-----> TAsyncLoggerTest -> ok: 1
<----- TCGroupStatFetcherTest
[exec] TCGroupStatFetcherTest::ShouldReadStats...
[[1;32mgood[22;39m] TCGroupStatFetcherTest::ShouldReadStats
[exec] TCGroupStatFetcherTest::ShouldReportErrorIfFileIsMissing...
2023-10-10T10:07:23.673145Z :STORAGE_CGROUPS ERROR: /home/arigachnyy/workspace/github/nbswork/nbs/cloud/storage/core/libs/diagnostics/cgroup_stats_fetcher.cpp:68: IO error for noname with exception (TFileError) (No such file or directory) /home/arigachnyy/workspace/github/nbswork/nbs/util/system/file.cpp:857: can't open "noname" with mode RdOnly (0x00000008)
[[1;32mgood[22;39m] TCGroupStatFetcherTest::ShouldReportErrorIfFileIsMissing
[exec] TCGroupStatFetcherTest::ShouldReportErrorIfNewValueIsLowerThanPrevious...
CRITICAL_EVENT:AppCriticalEvents/CpuWaitCounterReadError:test : new value 0.000080s is less than previous 0.000100s
2023-10-10T10:07:23.682959Z :STORAGE_CGROUPS ERROR: /home/arigachnyy/workspace/github/nbswork/nbs/cloud/storage/core/libs/diagnostics/cgroup_stats_fetcher.cpp:117: CRITICAL_EVENT:AppCriticalEvents/CpuWaitCounterReadError:test : new value 0.000080s is less than previous 0.000100s
[[1;32mgood[22;39m] TCGroupStatFetcherTest::ShouldReportErrorIfNewValueIsLowerThanPrevious
-----> TCGroupStatFetcherTest -> ok: 3
<----- TCountersExpirationPolicyTest
[exec] TCountersExpirationPolicyTest::ShouldNotCreateExpiringCounterWithZeroValue...
[[1;32mgood[22;39m] TCountersExpirationPolicyTest::ShouldNotCreateExpiringCounterWithZeroValue
[exec] TCountersExpirationPolicyTest::ShouldNotRemovePermanentCounterWithZeroValue...
[[1;32mgood[22;39m] TCountersExpirationPolicyTest::ShouldNotRemovePermanentCounterWithZeroValue
[exec] TCountersExpirationPolicyTest::ShouldRemoveExpiringCounterWithZeroValue...
[[1;32mgood[22;39m] TCountersExpirationPolicyTest::ShouldRemoveExpiringCounterWithZeroValue
[exec] TCountersExpirationPolicyTest::ShouldNotRemoveExpiringCounter...
[[1;32mgood[22;39m] TCountersExpirationPolicyTest::ShouldNotRemoveExpiringCounter
-----> TCountersExpirationPolicyTest -> ok: 4
<----- THistogramTypesTest
[exec] THistogramTypesTest::GetHistogramUsTimeNameTests...
[[1;32mgood[22;39m] THistogramTypesTest::GetHistogramUsTimeNameTests
[exec] THistogramTypesTest::GetHistogramMsTimeNameTests...
[[1;32mgood[22;39m] THistogramTypesTest::GetHistogramMsTimeNameTests
[exec] THistogramTypesTest::GetHistogramKbSizeNameTests...
[[1;32mgood[22;39m] THistogramTypesTest::GetHistogramKbSizeNameTests
-----> THistogramTypesTest -> ok: 3
<----- TMaxCalculatorTest
[exec] TMaxCalculatorTest::ShouldCorrectlyCountMaxValueWithoutTime...
[[1;31mFAIL[22;39m] TMaxCalculatorTest::ShouldCorrectlyCountMaxValueWithoutTime -> [1;31massertion failed at /home/arigachnyy/workspace/github/nbswork/nbs/cloud/storage/core/libs/diagnostics/max_calculator_ut.cpp:46, virtual void NCloud::NTestSuiteTMaxCalculatorTest::TTestCaseShouldCorrectlyCountMaxValueWithoutTime::Execute_(NUnitTest::TTestContext &): (DEFAULT_BUCKET_COUNT == calculator.NextValue()) failed: (15 != 14) [22;39m
[1;36m??+0 (0x556388B5C999)
??+0 (0x556388A386CD)
??+0 (0x556388A3B77D)
??+0 (0x556388B5EA05)
??+0 (0x556388A3B0FD)
??+0 (0x556388B5F139)
??+0 (0x556388B6284D)
??+0 (0x7F5E35C14D90)
__libc_start_main+128 (0x7F5E35C14E40)
??+0 (0x556388A02025)
[22;39m[exec] TMaxCalculatorTest::ShouldCorrectlyCountMaxValueWithTime...
[[1;32mgood[22;39m] TMaxCalculatorTest::ShouldCorrectlyCountMaxValueWithTime
[exec] TMaxCalculatorTest::ShouldRoundUpValues...
[[1;31mFAIL[22;39m] TMaxCalculatorTest::ShouldRoundUpValues -> [1;31massertion failed at /home/arigachnyy/workspace/github/nbswork/nbs/cloud/storage/core/libs/diagnostics/max_calculator_ut.cpp:88, virtual void NCloud::NTestSuiteTMaxCalculatorTest::TTestCaseShouldRoundUpValues::Execute_(NUnitTest::TTestContext &): (2 == calculator.NextValue()) failed: (2 != 1) [22;39m
[1;36m??+0 (0x55B6D22E9999)
??+0 (0x55B6D21C793F)
??+0 (0x55B6D21C877D)
??+0 (0x55B6D22EBA05)
??+0 (0x55B6D21C80FD)
??+0 (0x55B6D22EC139)
??+0 (0x55B6D22EF84D)
??+0 (0x7FB61E3D8D90)
__libc_start_main+128 (0x7FB61E3D8E40)
??+0 (0x55B6D218F025)
[22;39m-----> TMaxCalculatorTest -> ok: 1, err: 2
<----- TRequestCountersTest
[exec] TRequestCountersTest::ShouldTrackRequestsInProgress...
[[1;32mgood[22;39m] TRequestCountersTest::ShouldTrackRequestsInProgress
[exec] TRequestCountersTest::ShouldTrackIncompleteRequests...
[[1;32mgood[22;39m] TRequestCountersTest::ShouldTrackIncompleteRequests
[exec] TRequestCountersTest::ShouldTrackPostponedRequests...
[[1;32mgood[22;39m] TRequestCountersTest::ShouldTrackPostponedRequests
[exec] TRequestCountersTest::ShouldTrackFastPathHits...
[[1;32mgood[22;39m] TRequestCountersTest::ShouldTrackFastPathHits
[exec] TRequestCountersTest::ShouldFillTimePercentiles...
[[1;32mgood[22;39m] TRequestCountersTest::ShouldFillTimePercentiles
[exec] TRequestCountersTest::ShouldFillTimePercentilesWithRequestCompletionTime...
[[1;32mgood[22;39m] TRequestCountersTest::ShouldFillTimePercentilesWithRequestCompletionTime
[exec] TRequestCountersTest::ShouldFillSizePercentiles...
[[1;32mgood[22;39m] TRequestCountersTest::ShouldFillSizePercentiles
[exec] TRequestCountersTest::ShouldCountSilentErrors...
[[1;32mgood[22;39m] TRequestCountersTest::ShouldCountSilentErrors
[exec] TRequestCountersTest::ShouldCountHwProblems...
[[1;32mgood[22;39m] TRequestCountersTest::ShouldCountHwProblems
[exec] TRequestCountersTest::ShouldNotUpdateSubscribers...
[[1;32mgood[22;39m] TRequestCountersTest::ShouldNotUpdateSubscribers
[exec] TRequestCountersTest::ShouldNotifySubscribers...
[[1;32mgood[22;39m] TRequestCountersTest::ShouldNotifySubscribers
[exec] TRequestCountersTest::ShouldTrackSizeClasses...
[[1;32mgood[22;39m] TRequestCountersTest::ShouldTrackSizeClasses
-----> TRequestCountersTest -> ok: 12
<----- TTraceProcessorTest
[exec] TTraceProcessorTest::ShouldCollectAllOverlappingTracks...
[[1;32mgood[22;39m] TTraceProcessorTest::ShouldCollectAllOverlappingTracks
[exec] TTraceProcessorTest::ShouldProcessLotsOfTracks...
[[1;32mgood[22;39m] TTraceProcessorTest::ShouldProcessLotsOfTracks
[exec] TTraceProcessorTest::SlowRequestThresholdByTrackLength...
[[1;32mgood[22;39m] TTraceProcessorTest::SlowRequestThresholdByTrackLength
[exec] TTraceProcessorTest::SlowRequestThresholdByExecutionTimeParam...
[[1;32mgood[22;39m] TTraceProcessorTest::SlowRequestThresholdByExecutionTimeParam
[exec] TTraceProcessorTest::SlowRequestByRequestType...
[[1;32mgood[22;39m] TTraceProcessorTest::SlowRequestByRequestType
[exec] TTraceProcessorTest::CheckConvertRequestThresholds...
[[1;32mgood[22;39m] TTraceProcessorTest::CheckConvertRequestThresholds
[exec] TTraceProcessorTest::CheckOutRequestThresholds...
[[1;32mgood[22;39m] TTraceProcessorTest::CheckOutRequestThresholds
[exec] TTraceProcessorTest::CheckGettingThresholdByRequestType...
[[1;32mgood[22;39m] TTraceProcessorTest::CheckGettingThresholdByRequestType
-----> TTraceProcessorTest -> ok: 8
<----- TTraceSerializerTest
[exec] TTraceSerializerTest::ShouldAdjustRemoteInterval...
[[1;32mgood[22;39m] TTraceSerializerTest::ShouldAdjustRemoteInterval
-----> TTraceSerializerTest -> ok: 1
<----- TWeightedPercentileTest
[exec] TWeightedPercentileTest::ShouldCalculateWeightedPercentiles...
[[1;32mgood[22;39m] TWeightedPercentileTest::ShouldCalculateWeightedPercentiles
-----> TWeightedPercentileTest -> ok: 1
[DONE] ok: 34, err: 2
SOME TESTS FAILED!!!!


0% tests passed, 1 tests failed out of 1

Label Time Summary:
SMALL    =   1.04 sec*proc (1 test)

Total Test time (real) =   1.04 sec

The following tests FAILED:
	  1 - cloud-storage-core-libs-diagnostics-ut (Failed)
